<?xml version="1.0" encoding="UTF-8"?>
<!-- Generated by org.testng.reporters.JUnitReportReporter -->
<testsuite name="E2D.Selenium.ValidateNavigationBar" tests="1" time="0.036" ignored="0" failures="0" timestamp="02 Feb 2021 07:11:49 GMT" skipped="0" hostname="LAPTOP-7D2HHGOJ" errors="0">
  <testcase name="Validate" time="0.036" classname="E2D.Selenium.ValidateNavigationBar"/>
</testsuite> <!-- E2D.Selenium.ValidateNavigationBar -->
