<?xml version="1.0" encoding="UTF-8"?>
<!-- Generated by org.testng.reporters.JUnitReportReporter -->
<testsuite name="E2D.Selenium.Testngg" tests="3" time="0.009" ignored="0" failures="0" timestamp="25 May 2022 14:42:07 GMT" skipped="0" hostname="LAPTOP-7D2HHGOJ" errors="0">
  <testcase name="mbd" time="0.000" classname="E2D.Selenium.Testngg"/>
  <testcase name="mbd" time="0.007" classname="E2D.Selenium.Testngg"/>
  <testcase name="mbd" time="0.002" classname="E2D.Selenium.Testngg"/>
</testsuite> <!-- E2D.Selenium.Testngg -->
