<?xml version="1.0" encoding="UTF-8"?>
<!-- Generated by org.testng.reporters.JUnitReportReporter -->
<testsuite name="E2D.Selenium.ValidateHeader" tests="1" time="0.039" ignored="0" failures="0" timestamp="03 Feb 2021 13:52:33 GMT" skipped="0" hostname="LAPTOP-7D2HHGOJ" errors="0">
  <testcase name="Validate" time="0.039" classname="E2D.Selenium.ValidateHeader"/>
</testsuite> <!-- E2D.Selenium.ValidateHeader -->
