<?xml version="1.0" encoding="UTF-8"?>
<!-- Generated by org.testng.reporters.JUnitReportReporter -->
<testsuite name="E2D.Selenium.Validatenavigationbar1" tests="1" time="0.050" ignored="0" failures="0" timestamp="02 Feb 2021 07:12:58 GMT" skipped="0" hostname="LAPTOP-7D2HHGOJ" errors="0">
  <testcase name="validatebar" time="0.050" classname="E2D.Selenium.Validatenavigationbar1"/>
</testsuite> <!-- E2D.Selenium.Validatenavigationbar1 -->
