<?xml version="1.0" encoding="UTF-8"?>
<!-- Generated by org.testng.reporters.JUnitReportReporter -->
<testsuite name="E2D.Selenium.Validatenavigationbar" tests="1" time="0.120" ignored="0" failures="0" timestamp="03 Feb 2021 13:52:33 GMT" skipped="0" hostname="LAPTOP-7D2HHGOJ" errors="0">
  <testcase name="validatebar" time="0.120" classname="E2D.Selenium.Validatenavigationbar"/>
</testsuite> <!-- E2D.Selenium.Validatenavigationbar -->
