<?xml version="1.0" encoding="UTF-8"?>
<!-- Generated by org.testng.reporters.JUnitReportReporter -->
<testsuite name="E2D.Selenium.HomePage" tests="2" time="7.956" ignored="0" failures="0" timestamp="03 Feb 2021 13:52:33 GMT" skipped="0" hostname="LAPTOP-7D2HHGOJ" errors="0">
  <testcase name="basepageNavigation" time="2.447" classname="E2D.Selenium.HomePage"/>
  <testcase name="basepageNavigation" time="5.509" classname="E2D.Selenium.HomePage"/>
</testsuite> <!-- E2D.Selenium.HomePage -->
